::1 - - [26/Mar/2016:23:11:19 +0100] "GET / HTTP/1.1" 404 19 "" "curl/7.43.0"
::1 - - [26/Mar/2016:23:11:27 +0100] "GET /clawio/data/v1/ HTTP/1.1" 404 19 "" "curl/7.43.0"
::1 - - [26/Mar/2016:23:11:31 +0100] "GET /clawio/data/v1/upload/ HTTP/1.1" 404 19 "" "curl/7.43.0"
::1 - - [26/Mar/2016:23:11:39 +0100] "GET /clawio/data/v1/download HTTP/1.1" 404 19 "" "curl/7.43.0"
::1 - - [26/Mar/2016:23:11:41 +0100] "GET /clawio/data/v1/download/abc HTTP/1.1" 401 13 "" "curl/7.43.0"
::1 - - [26/Mar/2016:23:11:43 +0100] "GET /clawio/data/v1/download/abc HTTP/1.1" 401 13 "" "curl/7.43.0"
::1 - - [26/Mar/2016:23:11:44 +0100] "GET /clawio/data/v1/download/abc HTTP/1.1" 401 13 "" "curl/7.43.0"
::1 - - [26/Mar/2016:23:11:45 +0100] "GET /clawio/data/v1/download/abc HTTP/1.1" 401 13 "" "curl/7.43.0"
::1 - - [26/Mar/2016:23:11:46 +0100] "GET /clawio/data/v1/download/abc HTTP/1.1" 401 13 "" "curl/7.43.0"
::1 - - [26/Mar/2016:23:11:47 +0100] "GET /clawio/data/v1/download/abc HTTP/1.1" 401 13 "" "curl/7.43.0"
::1 - - [26/Mar/2016:23:11:47 +0100] "GET /clawio/data/v1/download/abc HTTP/1.1" 401 13 "" "curl/7.43.0"
::1 - - [26/Mar/2016:23:11:48 +0100] "GET /clawio/data/v1/download/abc HTTP/1.1" 401 13 "" "curl/7.43.0"
::1 - - [26/Mar/2016:23:12:16 +0100] "GET /clawio/data/v1/download/abc HTTP/1.1" 401 13 "" "curl/7.43.0"
::1 - - [26/Mar/2016:23:12:17 +0100] "GET /clawio/data/v1/download/abc HTTP/1.1" 401 13 "" "curl/7.43.0"
::1 - - [26/Mar/2016:23:12:19 +0100] "GET /clawio/data/v1/download/abc HTTP/1.1" 401 13 "" "curl/7.43.0"
::1 - - [26/Mar/2016:23:12:41 +0100] "GET /clawio/data/v1/download/abc HTTP/1.1" 401 13 "" "curl/7.43.0"
::1 - - [26/Mar/2016:23:12:55 +0100] "GET /clawio/data/v1/download/abc HTTP/1.1" 401 13 "" "curl/7.43.0"
::1 - - [26/Mar/2016:23:13:03 +0100] "GET /clawio/data/v1/download/abc?token=abc HTTP/1.1" 401 13 "" "curl/7.43.0"
::1 - - [26/Mar/2016:23:13:08 +0100] "GET /clawio/data/v1/download/abc?token=abc HTTP/1.1" 401 13 "" "curl/7.43.0"
::1 - - [26/Mar/2016:23:13:09 +0100] "GET /clawio/data/v1/download/abc?token=abc HTTP/1.1" 401 13 "" "curl/7.43.0"
::1 - - [26/Mar/2016:23:13:10 +0100] "GET /clawio/data/v1/download/abc?token=abc HTTP/1.1" 401 13 "" "curl/7.43.0"
::1 - - [26/Mar/2016:23:13:11 +0100] "GET /clawio/data/v1/download/abc?token=abc HTTP/1.1" 401 13 "" "curl/7.43.0"
::1 - - [26/Mar/2016:23:13:12 +0100] "GET /clawio/data/v1/download/abc?token=abc HTTP/1.1" 401 13 "" "curl/7.43.0"
::1 - - [26/Mar/2016:23:13:13 +0100] "GET /clawio/data/v1/download/abc?token=abc HTTP/1.1" 401 13 "" "curl/7.43.0"
::1 - - [26/Mar/2016:23:13:14 +0100] "GET /clawio/data/v1/download/abc?token=abc HTTP/1.1" 401 13 "" "curl/7.43.0"
::1 - - [26/Mar/2016:23:13:15 +0100] "GET /clawio/data/v1/download/abc?token=abc HTTP/1.1" 401 13 "" "curl/7.43.0"
::1 - - [26/Mar/2016:23:13:56 +0100] "GET /clawio/data/v1/download/abc?token=eyJhbGciOiJIUzI1NiIsInR5cCI6IkpXVCJ9.eyJkaXNwbGF5X25hbWUiOiJEZW1vIE9uZSIsImVtYWlsIjoiZGVtb0BkZW1vLmVzIiwiZXhwIjoxNDU5MDM0MDE5Nzk1MzIwOTg1LCJpc3MiOiJsYWJrb2RlLW1hYyIsInVzZXJuYW1lIjoiZGVtbyJ9.8tyTRL3veYBTqKqWZrzxK1KM4gxLfZFJvaOiaSFBuX0 HTTP/1.1" 0 0 "" "curl/7.43.0"
::1 - - [26/Mar/2016:23:14:20 +0100] "GET /clawio/data/v1/download/abc?token=eyJhbGciOiJIUzI1NiIsInR5cCI6IkpXVCJ9.eyJkaXNwbGF5X25hbWUiOiJEZW1vIE9uZSIsImVtYWlsIjoiZGVtb0BkZW1vLmVzIiwiZXhwIjoxNDU5MDM0MDE5Nzk1MzIwOTg1LCJpc3MiOiJsYWJrb2RlLW1hYyIsInVzZXJuYW1lIjoiZGVtbyJ9.8tyTRL3veYBTqKqWZrzxK1KM4gxLfZFJvaOiaSFBuX0 HTTP/1.1" 0 0 "" "curl/7.43.0"
::1 - - [26/Mar/2016:23:14:23 +0100] "GET /clawio/data/v1/download/abc?token=eyJhbGciOiJIUzI1NiIsInR5cCI6IkpXVCJ9.eyJkaXNwbGF5X25hbWUiOiJEZW1vIE9uZSIsImVtYWlsIjoiZGVtb0BkZW1vLmVzIiwiZXhwIjoxNDU5MDM0MDE5Nzk1MzIwOTg1LCJpc3MiOiJsYWJrb2RlLW1hYyIsInVzZXJuYW1lIjoiZGVtbyJ9.8tyTRL3veYBTqKqWZrzxK1KM4gxLfZFJvaOiaSFBuX0 HTTP/1.1" 0 0 "" "curl/7.43.0"
::1 - - [26/Mar/2016:23:14:24 +0100] "GET /clawio/data/v1/download/abc?token=eyJhbGciOiJIUzI1NiIsInR5cCI6IkpXVCJ9.eyJkaXNwbGF5X25hbWUiOiJEZW1vIE9uZSIsImVtYWlsIjoiZGVtb0BkZW1vLmVzIiwiZXhwIjoxNDU5MDM0MDE5Nzk1MzIwOTg1LCJpc3MiOiJsYWJrb2RlLW1hYyIsInVzZXJuYW1lIjoiZGVtbyJ9.8tyTRL3veYBTqKqWZrzxK1KM4gxLfZFJvaOiaSFBuX0 HTTP/1.1" 0 0 "" "curl/7.43.0"
::1 - - [26/Mar/2016:23:14:25 +0100] "GET /clawio/data/v1/download/abc?token=eyJhbGciOiJIUzI1NiIsInR5cCI6IkpXVCJ9.eyJkaXNwbGF5X25hbWUiOiJEZW1vIE9uZSIsImVtYWlsIjoiZGVtb0BkZW1vLmVzIiwiZXhwIjoxNDU5MDM0MDE5Nzk1MzIwOTg1LCJpc3MiOiJsYWJrb2RlLW1hYyIsInVzZXJuYW1lIjoiZGVtbyJ9.8tyTRL3veYBTqKqWZrzxK1KM4gxLfZFJvaOiaSFBuX0 HTTP/1.1" 0 0 "" "curl/7.43.0"
::1 - - [26/Mar/2016:23:14:26 +0100] "GET /clawio/data/v1/download/abc?token=eyJhbGciOiJIUzI1NiIsInR5cCI6IkpXVCJ9.eyJkaXNwbGF5X25hbWUiOiJEZW1vIE9uZSIsImVtYWlsIjoiZGVtb0BkZW1vLmVzIiwiZXhwIjoxNDU5MDM0MDE5Nzk1MzIwOTg1LCJpc3MiOiJsYWJrb2RlLW1hYyIsInVzZXJuYW1lIjoiZGVtbyJ9.8tyTRL3veYBTqKqWZrzxK1KM4gxLfZFJvaOiaSFBuX0 HTTP/1.1" 0 0 "" "curl/7.43.0"
::1 - - [26/Mar/2016:23:14:27 +0100] "GET /clawio/data/v1/download/abc?token=eyJhbGciOiJIUzI1NiIsInR5cCI6IkpXVCJ9.eyJkaXNwbGF5X25hbWUiOiJEZW1vIE9uZSIsImVtYWlsIjoiZGVtb0BkZW1vLmVzIiwiZXhwIjoxNDU5MDM0MDE5Nzk1MzIwOTg1LCJpc3MiOiJsYWJrb2RlLW1hYyIsInVzZXJuYW1lIjoiZGVtbyJ9.8tyTRL3veYBTqKqWZrzxK1KM4gxLfZFJvaOiaSFBuX0 HTTP/1.1" 0 0 "" "curl/7.43.0"
::1 - - [26/Mar/2016:23:14:28 +0100] "GET /clawio/data/v1/download/abc?token=eyJhbGciOiJIUzI1NiIsInR5cCI6IkpXVCJ9.eyJkaXNwbGF5X25hbWUiOiJEZW1vIE9uZSIsImVtYWlsIjoiZGVtb0BkZW1vLmVzIiwiZXhwIjoxNDU5MDM0MDE5Nzk1MzIwOTg1LCJpc3MiOiJsYWJrb2RlLW1hYyIsInVzZXJuYW1lIjoiZGVtbyJ9.8tyTRL3veYBTqKqWZrzxK1KM4gxLfZFJvaOiaSFBuX0 HTTP/1.1" 0 0 "" "curl/7.43.0"
::1 - - [26/Mar/2016:23:14:29 +0100] "GET /clawio/data/v1/download/abc?token=eyJhbGciOiJIUzI1NiIsInR5cCI6IkpXVCJ9.eyJkaXNwbGF5X25hbWUiOiJEZW1vIE9uZSIsImVtYWlsIjoiZGVtb0BkZW1vLmVzIiwiZXhwIjoxNDU5MDM0MDE5Nzk1MzIwOTg1LCJpc3MiOiJsYWJrb2RlLW1hYyIsInVzZXJuYW1lIjoiZGVtbyJ9.8tyTRL3veYBTqKqWZrzxK1KM4gxLfZFJvaOiaSFBuX0 HTTP/1.1" 0 0 "" "curl/7.43.0"
::1 - - [26/Mar/2016:23:14:37 +0100] "GET /clawio/data/v1/download/abc?token=eyJhbGciOiJIUzI1NiIsInR5cCI6IkpXVCJ9.eyJkaXNwbGF5X25hbWUiOiJEZW1vIE9uZSIsImVtYWlsIjoiZGVtb0BkZW1vLmVzIiwiZXhwIjoxNDU5MDM0MDE5Nzk1MzIwOTg1LCJpc3MiOiJsYWJrb2RlLW1hYyIsInVzZXJuYW1lIjoiZGVtbyJ9.8tyTRL3veYBTqKqWZrzxK1KM4gxLfZFJvaOiaSFBuX0 HTTP/1.1" 0 0 "" "curl/7.43.0"
::1 - - [26/Mar/2016:23:14:39 +0100] "GET /clawio/data/v1/download/abc?token=eyJhbGciOiJIUzI1NiIsInR5cCI6IkpXVCJ9.eyJkaXNwbGF5X25hbWUiOiJEZW1vIE9uZSIsImVtYWlsIjoiZGVtb0BkZW1vLmVzIiwiZXhwIjoxNDU5MDM0MDE5Nzk1MzIwOTg1LCJpc3MiOiJsYWJrb2RlLW1hYyIsInVzZXJuYW1lIjoiZGVtbyJ9.8tyTRL3veYBTqKqWZrzxK1KM4gxLfZFJvaOiaSFBuX0 HTTP/1.1" 0 0 "" "curl/7.43.0"
::1 - - [26/Mar/2016:23:14:39 +0100] "GET /clawio/data/v1/download/abc?token=eyJhbGciOiJIUzI1NiIsInR5cCI6IkpXVCJ9.eyJkaXNwbGF5X25hbWUiOiJEZW1vIE9uZSIsImVtYWlsIjoiZGVtb0BkZW1vLmVzIiwiZXhwIjoxNDU5MDM0MDE5Nzk1MzIwOTg1LCJpc3MiOiJsYWJrb2RlLW1hYyIsInVzZXJuYW1lIjoiZGVtbyJ9.8tyTRL3veYBTqKqWZrzxK1KM4gxLfZFJvaOiaSFBuX0 HTTP/1.1" 0 0 "" "curl/7.43.0"
::1 - - [26/Mar/2016:23:14:40 +0100] "GET /clawio/data/v1/download/abc?token=eyJhbGciOiJIUzI1NiIsInR5cCI6IkpXVCJ9.eyJkaXNwbGF5X25hbWUiOiJEZW1vIE9uZSIsImVtYWlsIjoiZGVtb0BkZW1vLmVzIiwiZXhwIjoxNDU5MDM0MDE5Nzk1MzIwOTg1LCJpc3MiOiJsYWJrb2RlLW1hYyIsInVzZXJuYW1lIjoiZGVtbyJ9.8tyTRL3veYBTqKqWZrzxK1KM4gxLfZFJvaOiaSFBuX0 HTTP/1.1" 0 0 "" "curl/7.43.0"
::1 - - [26/Mar/2016:23:14:43 +0100] "GET /clawio/data/v1/download/abc?token=eyJhbGciOiJIUzI1NiIsInR5cCI6IkpXVCJ9.eyJkaXNwbGF5X25hbWUiOiJEZW1vIE9uZSIsImVtYWlsIjoiZGVtb0BkZW1vLmVzIiwiZXhwIjoxNDU5MDM0MDE5Nzk1MzIwOTg1LCJpc3MiOiJsYWJrb2RlLW1hYyIsInVzZXJuYW1lIjoiZGVtbyJ9.8tyTRL3veYBTqKqWZrzxK1KM4gxLfZFJvaOiaSFBuX0 HTTP/1.1" 0 0 "" "curl/7.43.0"
::1 - - [26/Mar/2016:23:14:46 +0100] "GET /clawio/data/v1/download/abc?token=eyJhbGciOiJIUzI1NiIsInR5cCI6IkpXVCJ9.eyJkaXNwbGF5X25hbWUiOiJEZW1vIE9uZSIsImVtYWlsIjoiZGVtb0BkZW1vLmVzIiwiZXhwIjoxNDU5MDM0MDE5Nzk1MzIwOTg1LCJpc3MiOiJsYWJrb2RlLW1hYyIsInVzZXJuYW1lIjoiZGVtbyJ9.8tyTRL3veYBTqKqWZrzxK1KM4gxLfZFJvaOiaSFBuX0 HTTP/1.1" 0 0 "" "curl/7.43.0"
::1 - - [26/Mar/2016:23:15:14 +0100] "GET /clawio/data/v1/download/somefile HTTP/1.1" 0 0 "" "curl/7.43.0"
::1 - - [26/Mar/2016:23:15:17 +0100] "GET /clawio/data/v1/download/somefile HTTP/1.1" 401 13 "" "curl/7.43.0"
::1 - - [26/Mar/2016:23:15:20 +0100] "GET /clawio/data/v1/download/somefile HTTP/1.1" 401 13 "" "curl/7.43.0"
::1 - - [26/Mar/2016:23:15:22 +0100] "GET /clawio/data/v1/download/somefile HTTP/1.1" 0 0 "" "curl/7.43.0"
::1 - - [26/Mar/2016:23:15:36 +0100] "GET /clawio/data/v1/download/somefile HTTP/1.1" 0 0 "" "curl/7.43.0"
::1 - - [27/Mar/2016:15:57:50 +0200] "GET /clawio/data/v1/metrics HTTP/1.1" 401 13 "" "Go-http-client/1.1"
::1 - - [27/Mar/2016:15:57:55 +0200] "GET /clawio/data/v1/metrics HTTP/1.1" 401 13 "" "Go-http-client/1.1"
::1 - - [27/Mar/2016:15:58:00 +0200] "GET /clawio/data/v1/metrics HTTP/1.1" 401 13 "" "Go-http-client/1.1"
::1 - - [27/Mar/2016:15:58:05 +0200] "GET /clawio/data/v1/metrics HTTP/1.1" 401 13 "" "Go-http-client/1.1"
::1 - - [27/Mar/2016:15:58:08 +0200] "GET /clawio/data/v1/downloas HTTP/1.1" 404 19 "" "curl/7.43.0"
::1 - - [27/Mar/2016:15:58:10 +0200] "GET /clawio/data/v1/metrics HTTP/1.1" 401 13 "" "Go-http-client/1.1"
::1 - - [27/Mar/2016:15:58:10 +0200] "GET /clawio/data/v1/download HTTP/1.1" 404 19 "" "curl/7.43.0"
::1 - - [27/Mar/2016:15:58:12 +0200] "GET /clawio/data/v1/download/abc HTTP/1.1" 401 13 "" "curl/7.43.0"
::1 - - [27/Mar/2016:15:58:15 +0200] "GET /clawio/data/v1/metrics HTTP/1.1" 401 13 "" "Go-http-client/1.1"
::1 - - [27/Mar/2016:15:58:16 +0200] "GET /clawio/data/v1/download/token HTTP/1.1" 401 13 "" "curl/7.43.0"
::1 - - [27/Mar/2016:15:58:16 +0200] "GET /clawio/data/v1/download/token HTTP/1.1" 401 13 "" "curl/7.43.0"
::1 - - [27/Mar/2016:15:58:20 +0200] "GET /clawio/data/v1/metrics HTTP/1.1" 401 13 "" "Go-http-client/1.1"
::1 - - [27/Mar/2016:15:58:25 +0200] "GET /clawio/data/v1/metrics HTTP/1.1" 401 13 "" "Go-http-client/1.1"
::1 - - [27/Mar/2016:15:58:30 +0200] "GET /clawio/data/v1/metrics HTTP/1.1" 401 13 "" "Go-http-client/1.1"
::1 - - [27/Mar/2016:15:58:35 +0200] "GET /clawio/data/v1/metrics HTTP/1.1" 401 13 "" "Go-http-client/1.1"
::1 - - [27/Mar/2016:15:58:40 +0200] "GET /clawio/data/v1/metrics HTTP/1.1" 401 13 "" "Go-http-client/1.1"
::1 - - [27/Mar/2016:15:58:45 +0200] "GET /clawio/data/v1/metrics HTTP/1.1" 401 13 "" "Go-http-client/1.1"
::1 - - [27/Mar/2016:15:58:50 +0200] "GET /clawio/data/v1/metrics HTTP/1.1" 401 13 "" "Go-http-client/1.1"
::1 - - [27/Mar/2016:15:58:55 +0200] "GET /clawio/data/v1/metrics HTTP/1.1" 401 13 "" "Go-http-client/1.1"
::1 - - [27/Mar/2016:15:59:00 +0200] "GET /clawio/data/v1/metrics HTTP/1.1" 401 13 "" "Go-http-client/1.1"
::1 - - [27/Mar/2016:15:59:05 +0200] "GET /clawio/data/v1/metrics HTTP/1.1" 401 13 "" "Go-http-client/1.1"
::1 - - [27/Mar/2016:15:59:10 +0200] "GET /clawio/data/v1/metrics HTTP/1.1" 401 13 "" "Go-http-client/1.1"
::1 - - [27/Mar/2016:15:59:15 +0200] "GET /clawio/data/v1/metrics HTTP/1.1" 401 13 "" "Go-http-client/1.1"
::1 - - [27/Mar/2016:15:59:20 +0200] "GET /clawio/data/v1/metrics HTTP/1.1" 401 13 "" "Go-http-client/1.1"
::1 - - [27/Mar/2016:15:59:25 +0200] "GET /clawio/data/v1/metrics HTTP/1.1" 401 13 "" "Go-http-client/1.1"
::1 - - [27/Mar/2016:15:59:30 +0200] "GET /clawio/data/v1/metrics HTTP/1.1" 401 13 "" "Go-http-client/1.1"
::1 - - [27/Mar/2016:15:59:35 +0200] "GET /clawio/data/v1/metrics HTTP/1.1" 401 13 "" "Go-http-client/1.1"
::1 - - [27/Mar/2016:15:59:40 +0200] "GET /clawio/data/v1/metrics HTTP/1.1" 401 13 "" "Go-http-client/1.1"
::1 - - [27/Mar/2016:15:59:45 +0200] "GET /clawio/data/v1/metrics HTTP/1.1" 401 13 "" "Go-http-client/1.1"
::1 - - [27/Mar/2016:15:59:50 +0200] "GET /clawio/data/v1/metrics HTTP/1.1" 401 13 "" "Go-http-client/1.1"
::1 - - [27/Mar/2016:15:59:55 +0200] "GET /clawio/data/v1/metrics HTTP/1.1" 401 13 "" "Go-http-client/1.1"
::1 - - [27/Mar/2016:16:00:00 +0200] "GET /clawio/data/v1/metrics HTTP/1.1" 401 13 "" "Go-http-client/1.1"
::1 - - [27/Mar/2016:16:00:05 +0200] "GET /clawio/data/v1/metrics HTTP/1.1" 401 13 "" "Go-http-client/1.1"
::1 - - [27/Mar/2016:16:00:10 +0200] "GET /clawio/data/v1/metrics HTTP/1.1" 401 13 "" "Go-http-client/1.1"
::1 - - [27/Mar/2016:16:00:15 +0200] "GET /clawio/data/v1/metrics HTTP/1.1" 401 13 "" "Go-http-client/1.1"
::1 - - [27/Mar/2016:16:00:20 +0200] "GET /clawio/data/v1/metrics HTTP/1.1" 401 13 "" "Go-http-client/1.1"
::1 - - [27/Mar/2016:16:00:25 +0200] "GET /clawio/data/v1/metrics HTTP/1.1" 401 13 "" "Go-http-client/1.1"
::1 - - [27/Mar/2016:16:00:30 +0200] "GET /clawio/data/v1/metrics HTTP/1.1" 401 13 "" "Go-http-client/1.1"
::1 - - [27/Mar/2016:16:00:35 +0200] "GET /clawio/data/v1/metrics HTTP/1.1" 401 13 "" "Go-http-client/1.1"
::1 - - [27/Mar/2016:16:00:40 +0200] "GET /clawio/data/v1/metrics HTTP/1.1" 401 13 "" "Go-http-client/1.1"
::1 - - [27/Mar/2016:16:00:45 +0200] "GET /clawio/data/v1/metrics HTTP/1.1" 401 13 "" "Go-http-client/1.1"
::1 - - [27/Mar/2016:16:00:50 +0200] "GET /clawio/data/v1/metrics HTTP/1.1" 401 13 "" "Go-http-client/1.1"
::1 - - [27/Mar/2016:16:00:55 +0200] "GET /clawio/data/v1/metrics HTTP/1.1" 401 13 "" "Go-http-client/1.1"
::1 - - [27/Mar/2016:16:01:00 +0200] "GET /clawio/data/v1/metrics HTTP/1.1" 401 13 "" "Go-http-client/1.1"
::1 - - [27/Mar/2016:16:01:05 +0200] "GET /clawio/data/v1/metrics HTTP/1.1" 401 13 "" "Go-http-client/1.1"
::1 - - [27/Mar/2016:16:01:10 +0200] "GET /clawio/data/v1/metrics HTTP/1.1" 401 13 "" "Go-http-client/1.1"
::1 - - [27/Mar/2016:16:01:15 +0200] "GET /clawio/data/v1/metrics HTTP/1.1" 401 13 "" "Go-http-client/1.1"
::1 - - [27/Mar/2016:16:01:20 +0200] "GET /clawio/data/v1/metrics HTTP/1.1" 401 13 "" "Go-http-client/1.1"
::1 - - [27/Mar/2016:16:01:25 +0200] "GET /clawio/data/v1/metrics HTTP/1.1" 401 13 "" "Go-http-client/1.1"
::1 - - [27/Mar/2016:16:01:30 +0200] "GET /clawio/data/v1/metrics HTTP/1.1" 401 13 "" "Go-http-client/1.1"
::1 - - [27/Mar/2016:16:01:35 +0200] "GET /clawio/data/v1/metrics HTTP/1.1" 401 13 "" "Go-http-client/1.1"
::1 - - [27/Mar/2016:16:01:40 +0200] "GET /clawio/data/v1/metrics HTTP/1.1" 401 13 "" "Go-http-client/1.1"
::1 - - [27/Mar/2016:16:01:45 +0200] "GET /clawio/data/v1/metrics HTTP/1.1" 401 13 "" "Go-http-client/1.1"
::1 - - [27/Mar/2016:16:01:50 +0200] "GET /clawio/data/v1/metrics HTTP/1.1" 401 13 "" "Go-http-client/1.1"
::1 - - [27/Mar/2016:16:01:55 +0200] "GET /clawio/data/v1/metrics HTTP/1.1" 401 13 "" "Go-http-client/1.1"
::1 - - [27/Mar/2016:16:02:00 +0200] "GET /clawio/data/v1/metrics HTTP/1.1" 401 13 "" "Go-http-client/1.1"
::1 - - [27/Mar/2016:16:02:05 +0200] "GET /clawio/data/v1/metrics HTTP/1.1" 401 13 "" "Go-http-client/1.1"
::1 - - [27/Mar/2016:16:02:10 +0200] "GET /clawio/data/v1/metrics HTTP/1.1" 401 13 "" "Go-http-client/1.1"
::1 - - [27/Mar/2016:16:02:15 +0200] "GET /clawio/data/v1/metrics HTTP/1.1" 401 13 "" "Go-http-client/1.1"
::1 - - [27/Mar/2016:16:02:20 +0200] "GET /clawio/data/v1/metrics HTTP/1.1" 401 13 "" "Go-http-client/1.1"
::1 - - [27/Mar/2016:16:02:25 +0200] "GET /clawio/data/v1/metrics HTTP/1.1" 401 13 "" "Go-http-client/1.1"
::1 - - [27/Mar/2016:16:02:30 +0200] "GET /clawio/data/v1/metrics HTTP/1.1" 401 13 "" "Go-http-client/1.1"
::1 - - [27/Mar/2016:16:02:35 +0200] "GET /clawio/data/v1/metrics HTTP/1.1" 401 13 "" "Go-http-client/1.1"
::1 - - [27/Mar/2016:16:02:40 +0200] "GET /clawio/data/v1/metrics HTTP/1.1" 401 13 "" "Go-http-client/1.1"
::1 - - [27/Mar/2016:16:02:45 +0200] "GET /clawio/data/v1/metrics HTTP/1.1" 401 13 "" "Go-http-client/1.1"
::1 - - [27/Mar/2016:16:02:50 +0200] "GET /clawio/data/v1/metrics HTTP/1.1" 401 13 "" "Go-http-client/1.1"
::1 - - [27/Mar/2016:16:02:55 +0200] "GET /clawio/data/v1/metrics HTTP/1.1" 401 13 "" "Go-http-client/1.1"
::1 - - [27/Mar/2016:16:03:00 +0200] "GET /clawio/data/v1/metrics HTTP/1.1" 401 13 "" "Go-http-client/1.1"
::1 - - [27/Mar/2016:16:03:05 +0200] "GET /clawio/data/v1/metrics HTTP/1.1" 401 13 "" "Go-http-client/1.1"
::1 - - [27/Mar/2016:16:03:10 +0200] "GET /clawio/data/v1/metrics HTTP/1.1" 401 13 "" "Go-http-client/1.1"
::1 - - [27/Mar/2016:16:03:15 +0200] "GET /clawio/data/v1/metrics HTTP/1.1" 401 13 "" "Go-http-client/1.1"
::1 - - [27/Mar/2016:16:03:20 +0200] "GET /clawio/data/v1/metrics HTTP/1.1" 401 13 "" "Go-http-client/1.1"
::1 - - [27/Mar/2016:16:03:25 +0200] "GET /clawio/data/v1/metrics HTTP/1.1" 401 13 "" "Go-http-client/1.1"
::1 - - [27/Mar/2016:16:03:30 +0200] "GET /clawio/data/v1/metrics HTTP/1.1" 401 13 "" "Go-http-client/1.1"
::1 - - [27/Mar/2016:16:03:35 +0200] "GET /clawio/data/v1/metrics HTTP/1.1" 401 13 "" "Go-http-client/1.1"
::1 - - [27/Mar/2016:16:03:40 +0200] "GET /clawio/data/v1/metrics HTTP/1.1" 401 13 "" "Go-http-client/1.1"
::1 - - [27/Mar/2016:16:03:45 +0200] "GET /clawio/data/v1/metrics HTTP/1.1" 401 13 "" "Go-http-client/1.1"
::1 - - [27/Mar/2016:16:03:50 +0200] "GET /clawio/data/v1/metrics HTTP/1.1" 401 13 "" "Go-http-client/1.1"
::1 - - [27/Mar/2016:16:03:55 +0200] "GET /clawio/data/v1/metrics HTTP/1.1" 401 13 "" "Go-http-client/1.1"
::1 - - [27/Mar/2016:16:04:00 +0200] "GET /clawio/data/v1/metrics HTTP/1.1" 401 13 "" "Go-http-client/1.1"
::1 - - [27/Mar/2016:16:04:05 +0200] "GET /clawio/data/v1/metrics HTTP/1.1" 401 13 "" "Go-http-client/1.1"
::1 - - [27/Mar/2016:16:04:10 +0200] "GET /clawio/data/v1/metrics HTTP/1.1" 401 13 "" "Go-http-client/1.1"
::1 - - [27/Mar/2016:16:04:15 +0200] "GET /clawio/data/v1/metrics HTTP/1.1" 401 13 "" "Go-http-client/1.1"
::1 - - [27/Mar/2016:16:04:20 +0200] "GET /clawio/data/v1/metrics HTTP/1.1" 401 13 "" "Go-http-client/1.1"
::1 - - [27/Mar/2016:16:04:25 +0200] "GET /clawio/data/v1/metrics HTTP/1.1" 401 13 "" "Go-http-client/1.1"
::1 - - [27/Mar/2016:16:04:30 +0200] "GET /clawio/data/v1/metrics HTTP/1.1" 401 13 "" "Go-http-client/1.1"
::1 - - [27/Mar/2016:16:04:35 +0200] "GET /clawio/data/v1/metrics HTTP/1.1" 401 13 "" "Go-http-client/1.1"
::1 - - [27/Mar/2016:16:04:40 +0200] "GET /clawio/data/v1/metrics HTTP/1.1" 401 13 "" "Go-http-client/1.1"
::1 - - [27/Mar/2016:16:04:45 +0200] "GET /clawio/data/v1/metrics HTTP/1.1" 401 13 "" "Go-http-client/1.1"
::1 - - [27/Mar/2016:16:04:50 +0200] "GET /clawio/data/v1/metrics HTTP/1.1" 401 13 "" "Go-http-client/1.1"
::1 - - [27/Mar/2016:16:04:55 +0200] "GET /clawio/data/v1/metrics HTTP/1.1" 401 13 "" "Go-http-client/1.1"
::1 - - [27/Mar/2016:16:05:00 +0200] "GET /clawio/data/v1/metrics HTTP/1.1" 401 13 "" "Go-http-client/1.1"
::1 - - [27/Mar/2016:16:05:05 +0200] "GET /clawio/data/v1/metrics HTTP/1.1" 401 13 "" "Go-http-client/1.1"
::1 - - [27/Mar/2016:16:05:10 +0200] "GET /clawio/data/v1/metrics HTTP/1.1" 401 13 "" "Go-http-client/1.1"
::1 - - [27/Mar/2016:16:05:15 +0200] "GET /clawio/data/v1/metrics HTTP/1.1" 401 13 "" "Go-http-client/1.1"
::1 - - [27/Mar/2016:16:05:20 +0200] "GET /clawio/data/v1/metrics HTTP/1.1" 401 13 "" "Go-http-client/1.1"
::1 - - [27/Mar/2016:16:05:25 +0200] "GET /clawio/data/v1/metrics HTTP/1.1" 401 13 "" "Go-http-client/1.1"
::1 - - [27/Mar/2016:16:05:30 +0200] "GET /clawio/data/v1/metrics HTTP/1.1" 401 13 "" "Go-http-client/1.1"
::1 - - [27/Mar/2016:16:05:35 +0200] "GET /clawio/data/v1/metrics HTTP/1.1" 401 13 "" "Go-http-client/1.1"
::1 - - [27/Mar/2016:16:05:40 +0200] "GET /clawio/data/v1/metrics HTTP/1.1" 401 13 "" "Go-http-client/1.1"
::1 - - [27/Mar/2016:16:05:45 +0200] "GET /clawio/data/v1/metrics HTTP/1.1" 401 13 "" "Go-http-client/1.1"
::1 - - [27/Mar/2016:16:05:50 +0200] "GET /clawio/data/v1/metrics HTTP/1.1" 401 13 "" "Go-http-client/1.1"
::1 - - [27/Mar/2016:16:05:55 +0200] "GET /clawio/data/v1/metrics HTTP/1.1" 401 13 "" "Go-http-client/1.1"
::1 - - [27/Mar/2016:16:06:00 +0200] "GET /clawio/data/v1/metrics HTTP/1.1" 401 13 "" "Go-http-client/1.1"
::1 - - [27/Mar/2016:16:06:05 +0200] "GET /clawio/data/v1/metrics HTTP/1.1" 401 13 "" "Go-http-client/1.1"
::1 - - [27/Mar/2016:16:06:10 +0200] "GET /clawio/data/v1/metrics HTTP/1.1" 200 1026 "" "Go-http-client/1.1"
::1 - - [27/Mar/2016:16:06:12 +0200] "GET /clawio/data/v1/download/token HTTP/1.1" 401 13 "" "curl/7.43.0"
::1 - - [27/Mar/2016:16:06:13 +0200] "GET /clawio/data/v1/download/token HTTP/1.1" 401 13 "" "curl/7.43.0"
::1 - - [27/Mar/2016:16:06:14 +0200] "GET /clawio/data/v1/download/token HTTP/1.1" 401 13 "" "curl/7.43.0"
::1 - - [27/Mar/2016:16:06:14 +0200] "GET /clawio/data/v1/download/token HTTP/1.1" 401 13 "" "curl/7.43.0"
::1 - - [27/Mar/2016:16:06:14 +0200] "GET /clawio/data/v1/download/token HTTP/1.1" 401 13 "" "curl/7.43.0"
::1 - - [27/Mar/2016:16:06:15 +0200] "GET /clawio/data/v1/metrics HTTP/1.1" 200 1228 "" "Go-http-client/1.1"
::1 - - [27/Mar/2016:16:06:20 +0200] "GET /clawio/data/v1/metrics HTTP/1.1" 200 1250 "" "Go-http-client/1.1"
::1 - - [27/Mar/2016:16:06:25 +0200] "GET /clawio/data/v1/metrics HTTP/1.1" 200 1267 "" "Go-http-client/1.1"
::1 - - [27/Mar/2016:16:06:30 +0200] "GET /clawio/data/v1/metrics HTTP/1.1" 200 1286 "" "Go-http-client/1.1"
::1 - - [27/Mar/2016:16:06:35 +0200] "GET /clawio/data/v1/metrics HTTP/1.1" 200 1284 "" "Go-http-client/1.1"
::1 - - [27/Mar/2016:16:06:36 +0200] "GET /clawio/data/v1/metrics HTTP/1.1" 200 1364 "" "Mozilla/5.0 (Macintosh; Intel Mac OS X 10_11_3) AppleWebKit/537.36 (KHTML, like Gecko) Chrome/48.0.2564.103 Safari/537.36"
::1 - - [27/Mar/2016:16:06:36 +0200] "GET /favicon.ico HTTP/1.1" 404 19 "http://localhost:58002/clawio/data/v1/metrics" "Mozilla/5.0 (Macintosh; Intel Mac OS X 10_11_3) AppleWebKit/537.36 (KHTML, like Gecko) Chrome/48.0.2564.103 Safari/537.36"
::1 - - [27/Mar/2016:16:06:40 +0200] "GET /clawio/data/v1/metrics HTTP/1.1" 200 1305 "" "Go-http-client/1.1"
::1 - - [27/Mar/2016:16:06:45 +0200] "GET /clawio/data/v1/metrics HTTP/1.1" 200 1300 "" "Go-http-client/1.1"
::1 - - [27/Mar/2016:16:06:50 +0200] "GET /clawio/data/v1/metrics HTTP/1.1" 200 1308 "" "Go-http-client/1.1"
::1 - - [27/Mar/2016:16:06:55 +0200] "GET /clawio/data/v1/metrics HTTP/1.1" 200 1306 "" "Go-http-client/1.1"
::1 - - [27/Mar/2016:16:07:00 +0200] "GET /clawio/data/v1/metrics HTTP/1.1" 200 1313 "" "Go-http-client/1.1"
::1 - - [27/Mar/2016:16:07:05 +0200] "GET /clawio/data/v1/metrics HTTP/1.1" 200 1315 "" "Go-http-client/1.1"
::1 - - [27/Mar/2016:16:07:10 +0200] "GET /clawio/data/v1/metrics HTTP/1.1" 200 1309 "" "Go-http-client/1.1"
::1 - - [27/Mar/2016:16:07:15 +0200] "GET /clawio/data/v1/metrics HTTP/1.1" 200 1316 "" "Go-http-client/1.1"
::1 - - [27/Mar/2016:16:07:20 +0200] "GET /clawio/data/v1/metrics HTTP/1.1" 200 1318 "" "Go-http-client/1.1"
::1 - - [27/Mar/2016:16:07:25 +0200] "GET /clawio/data/v1/metrics HTTP/1.1" 200 1321 "" "Go-http-client/1.1"
::1 - - [27/Mar/2016:16:07:30 +0200] "GET /clawio/data/v1/metrics HTTP/1.1" 200 1314 "" "Go-http-client/1.1"
::1 - - [27/Mar/2016:16:07:35 +0200] "GET /clawio/data/v1/metrics HTTP/1.1" 200 1316 "" "Go-http-client/1.1"
::1 - - [27/Mar/2016:16:07:40 +0200] "GET /clawio/data/v1/metrics HTTP/1.1" 200 1314 "" "Go-http-client/1.1"
::1 - - [27/Mar/2016:16:07:45 +0200] "GET /clawio/data/v1/metrics HTTP/1.1" 200 1315 "" "Go-http-client/1.1"
::1 - - [27/Mar/2016:16:07:50 +0200] "GET /clawio/data/v1/metrics HTTP/1.1" 200 1321 "" "Go-http-client/1.1"
::1 - - [27/Mar/2016:16:07:55 +0200] "GET /clawio/data/v1/metrics HTTP/1.1" 200 1318 "" "Go-http-client/1.1"
::1 - - [27/Mar/2016:16:08:00 +0200] "GET /clawio/data/v1/metrics HTTP/1.1" 200 1319 "" "Go-http-client/1.1"
::1 - - [27/Mar/2016:16:08:05 +0200] "GET /clawio/data/v1/metrics HTTP/1.1" 200 1317 "" "Go-http-client/1.1"
::1 - - [27/Mar/2016:16:08:10 +0200] "GET /clawio/data/v1/metrics HTTP/1.1" 200 1321 "" "Go-http-client/1.1"
::1 - - [27/Mar/2016:16:08:15 +0200] "GET /clawio/data/v1/metrics HTTP/1.1" 200 1315 "" "Go-http-client/1.1"
::1 - - [27/Mar/2016:16:08:20 +0200] "GET /clawio/data/v1/metrics HTTP/1.1" 200 1320 "" "Go-http-client/1.1"
::1 - - [27/Mar/2016:16:08:25 +0200] "GET /clawio/data/v1/metrics HTTP/1.1" 200 1318 "" "Go-http-client/1.1"
::1 - - [27/Mar/2016:16:08:30 +0200] "GET /clawio/data/v1/metrics HTTP/1.1" 200 1315 "" "Go-http-client/1.1"
::1 - - [27/Mar/2016:16:08:35 +0200] "GET /clawio/data/v1/metrics HTTP/1.1" 200 1323 "" "Go-http-client/1.1"
::1 - - [27/Mar/2016:16:08:40 +0200] "GET /clawio/data/v1/metrics HTTP/1.1" 200 1314 "" "Go-http-client/1.1"
::1 - - [27/Mar/2016:16:08:45 +0200] "GET /clawio/data/v1/metrics HTTP/1.1" 200 1314 "" "Go-http-client/1.1"
::1 - - [27/Mar/2016:16:08:47 +0200] "GET /clawio/data/v1/download/somefile HTTP/1.1" 200 8 "" "curl/7.43.0"
::1 - - [27/Mar/2016:16:08:50 +0200] "GET /clawio/data/v1/metrics HTTP/1.1" 200 1326 "" "Go-http-client/1.1"
::1 - - [27/Mar/2016:16:08:50 +0200] "GET /clawio/data/v1/download/somefile HTTP/1.1" 200 8 "" "curl/7.43.0"
::1 - - [27/Mar/2016:16:08:51 +0200] "GET /clawio/data/v1/download/somefile HTTP/1.1" 200 8 "" "curl/7.43.0"
::1 - - [27/Mar/2016:16:08:52 +0200] "GET /clawio/data/v1/download/somefile HTTP/1.1" 200 8 "" "curl/7.43.0"
::1 - - [27/Mar/2016:16:08:53 +0200] "GET /clawio/data/v1/download/somefile HTTP/1.1" 200 8 "" "curl/7.43.0"
::1 - - [27/Mar/2016:16:08:55 +0200] "GET /clawio/data/v1/metrics HTTP/1.1" 200 1331 "" "Go-http-client/1.1"
::1 - - [27/Mar/2016:16:08:55 +0200] "GET /clawio/data/v1/download/somefile HTTP/1.1" 200 8 "" "curl/7.43.0"
::1 - - [27/Mar/2016:16:08:55 +0200] "GET /clawio/data/v1/download/somefile HTTP/1.1" 200 8 "" "curl/7.43.0"
::1 - - [27/Mar/2016:16:08:56 +0200] "GET /clawio/data/v1/download/somefile HTTP/1.1" 200 8 "" "curl/7.43.0"
::1 - - [27/Mar/2016:16:08:57 +0200] "GET /clawio/data/v1/download/somefile HTTP/1.1" 200 8 "" "curl/7.43.0"
::1 - - [27/Mar/2016:16:08:57 +0200] "GET /clawio/data/v1/download/somefile HTTP/1.1" 200 8 "" "curl/7.43.0"
::1 - - [27/Mar/2016:16:08:58 +0200] "GET /clawio/data/v1/download/somefile HTTP/1.1" 200 8 "" "curl/7.43.0"
::1 - - [27/Mar/2016:16:08:59 +0200] "GET /clawio/data/v1/download/somefile HTTP/1.1" 200 8 "" "curl/7.43.0"
::1 - - [27/Mar/2016:16:08:59 +0200] "GET /clawio/data/v1/download/somefile HTTP/1.1" 200 8 "" "curl/7.43.0"
::1 - - [27/Mar/2016:16:09:00 +0200] "GET /clawio/data/v1/download/somefile HTTP/1.1" 200 8 "" "curl/7.43.0"
::1 - - [27/Mar/2016:16:09:00 +0200] "GET /clawio/data/v1/metrics HTTP/1.1" 200 1334 "" "Go-http-client/1.1"
::1 - - [27/Mar/2016:16:09:00 +0200] "GET /clawio/data/v1/download/somefile HTTP/1.1" 200 8 "" "curl/7.43.0"
::1 - - [27/Mar/2016:16:09:01 +0200] "GET /clawio/data/v1/download/somefile HTTP/1.1" 200 8 "" "curl/7.43.0"
::1 - - [27/Mar/2016:16:09:02 +0200] "GET /clawio/data/v1/download/somefile HTTP/1.1" 200 8 "" "curl/7.43.0"
::1 - - [27/Mar/2016:16:09:02 +0200] "GET /clawio/data/v1/download/somefile HTTP/1.1" 200 8 "" "curl/7.43.0"
::1 - - [27/Mar/2016:16:09:03 +0200] "GET /clawio/data/v1/download/somefile HTTP/1.1" 200 8 "" "curl/7.43.0"
::1 - - [27/Mar/2016:16:09:03 +0200] "GET /clawio/data/v1/download/somefile HTTP/1.1" 200 8 "" "curl/7.43.0"
::1 - - [27/Mar/2016:16:09:04 +0200] "GET /clawio/data/v1/download/somefile HTTP/1.1" 200 8 "" "curl/7.43.0"
::1 - - [27/Mar/2016:16:09:04 +0200] "GET /clawio/data/v1/download/somefile HTTP/1.1" 200 8 "" "curl/7.43.0"
::1 - - [27/Mar/2016:16:09:05 +0200] "GET /clawio/data/v1/metrics HTTP/1.1" 200 1331 "" "Go-http-client/1.1"
::1 - - [27/Mar/2016:16:09:05 +0200] "GET /clawio/data/v1/download/somefile HTTP/1.1" 200 8 "" "curl/7.43.0"
::1 - - [27/Mar/2016:16:09:05 +0200] "GET /clawio/data/v1/download/somefile HTTP/1.1" 200 8 "" "curl/7.43.0"
::1 - - [27/Mar/2016:16:09:06 +0200] "GET /clawio/data/v1/download/somefile HTTP/1.1" 200 8 "" "curl/7.43.0"
::1 - - [27/Mar/2016:16:09:07 +0200] "GET /clawio/data/v1/download/somefile HTTP/1.1" 200 8 "" "curl/7.43.0"
::1 - - [27/Mar/2016:16:09:07 +0200] "GET /clawio/data/v1/download/somefile HTTP/1.1" 200 8 "" "curl/7.43.0"
::1 - - [27/Mar/2016:16:09:08 +0200] "GET /clawio/data/v1/download/somefile HTTP/1.1" 200 8 "" "curl/7.43.0"
::1 - - [27/Mar/2016:16:09:08 +0200] "GET /clawio/data/v1/download/somefile HTTP/1.1" 200 8 "" "curl/7.43.0"
::1 - - [27/Mar/2016:16:09:09 +0200] "GET /clawio/data/v1/download/somefile HTTP/1.1" 200 8 "" "curl/7.43.0"
::1 - - [27/Mar/2016:16:09:10 +0200] "GET /clawio/data/v1/metrics HTTP/1.1" 200 1326 "" "Go-http-client/1.1"
::1 - - [27/Mar/2016:16:09:10 +0200] "GET /clawio/data/v1/download/somefile HTTP/1.1" 200 8 "" "curl/7.43.0"
::1 - - [27/Mar/2016:16:09:11 +0200] "GET /clawio/data/v1/download/somefile HTTP/1.1" 200 8 "" "curl/7.43.0"
::1 - - [27/Mar/2016:16:09:11 +0200] "GET /clawio/data/v1/download/somefile HTTP/1.1" 200 8 "" "curl/7.43.0"
::1 - - [27/Mar/2016:16:09:12 +0200] "GET /clawio/data/v1/download/somefile HTTP/1.1" 200 8 "" "curl/7.43.0"
::1 - - [27/Mar/2016:16:09:13 +0200] "GET /clawio/data/v1/download/somefile HTTP/1.1" 200 8 "" "curl/7.43.0"
::1 - - [27/Mar/2016:16:09:13 +0200] "GET /clawio/data/v1/download/somefile HTTP/1.1" 200 8 "" "curl/7.43.0"
::1 - - [27/Mar/2016:16:09:14 +0200] "GET /clawio/data/v1/download/somefile HTTP/1.1" 200 8 "" "curl/7.43.0"
::1 - - [27/Mar/2016:16:09:15 +0200] "GET /clawio/data/v1/download/somefile HTTP/1.1" 200 8 "" "curl/7.43.0"
::1 - - [27/Mar/2016:16:09:15 +0200] "GET /clawio/data/v1/metrics HTTP/1.1" 200 1327 "" "Go-http-client/1.1"
::1 - - [27/Mar/2016:16:09:20 +0200] "GET /clawio/data/v1/metrics HTTP/1.1" 200 1331 "" "Go-http-client/1.1"
::1 - - [27/Mar/2016:16:09:25 +0200] "GET /clawio/data/v1/metrics HTTP/1.1" 200 1328 "" "Go-http-client/1.1"
::1 - - [27/Mar/2016:16:09:30 +0200] "GET /clawio/data/v1/metrics HTTP/1.1" 200 1333 "" "Go-http-client/1.1"
::1 - - [27/Mar/2016:16:09:35 +0200] "GET /clawio/data/v1/metrics HTTP/1.1" 200 1328 "" "Go-http-client/1.1"
::1 - - [27/Mar/2016:16:09:40 +0200] "GET /clawio/data/v1/metrics HTTP/1.1" 200 1330 "" "Go-http-client/1.1"
::1 - - [27/Mar/2016:16:09:45 +0200] "GET /clawio/data/v1/metrics HTTP/1.1" 200 1327 "" "Go-http-client/1.1"
::1 - - [27/Mar/2016:16:09:50 +0200] "GET /clawio/data/v1/metrics HTTP/1.1" 200 1323 "" "Go-http-client/1.1"
::1 - - [27/Mar/2016:16:09:55 +0200] "GET /clawio/data/v1/metrics HTTP/1.1" 200 1330 "" "Go-http-client/1.1"
::1 - - [27/Mar/2016:16:10:00 +0200] "GET /clawio/data/v1/metrics HTTP/1.1" 200 1328 "" "Go-http-client/1.1"
::1 - - [27/Mar/2016:16:10:05 +0200] "GET /clawio/data/v1/metrics HTTP/1.1" 200 1332 "" "Go-http-client/1.1"
::1 - - [27/Mar/2016:16:10:10 +0200] "GET /clawio/data/v1/metrics HTTP/1.1" 200 1333 "" "Go-http-client/1.1"
::1 - - [27/Mar/2016:16:10:15 +0200] "GET /clawio/data/v1/metrics HTTP/1.1" 200 1327 "" "Go-http-client/1.1"
::1 - - [27/Mar/2016:16:10:20 +0200] "GET /clawio/data/v1/metrics HTTP/1.1" 200 1331 "" "Go-http-client/1.1"
::1 - - [27/Mar/2016:16:10:25 +0200] "GET /clawio/data/v1/metrics HTTP/1.1" 200 1325 "" "Go-http-client/1.1"
::1 - - [27/Mar/2016:16:10:30 +0200] "GET /clawio/data/v1/metrics HTTP/1.1" 200 1325 "" "Go-http-client/1.1"
::1 - - [27/Mar/2016:16:10:35 +0200] "GET /clawio/data/v1/metrics HTTP/1.1" 200 1330 "" "Go-http-client/1.1"
::1 - - [27/Mar/2016:16:10:40 +0200] "GET /clawio/data/v1/metrics HTTP/1.1" 200 1336 "" "Go-http-client/1.1"
::1 - - [27/Mar/2016:16:10:45 +0200] "GET /clawio/data/v1/metrics HTTP/1.1" 200 1330 "" "Go-http-client/1.1"
::1 - - [27/Mar/2016:16:10:50 +0200] "GET /clawio/data/v1/metrics HTTP/1.1" 200 1334 "" "Go-http-client/1.1"
::1 - - [27/Mar/2016:16:10:55 +0200] "GET /clawio/data/v1/metrics HTTP/1.1" 200 1332 "" "Go-http-client/1.1"
::1 - - [27/Mar/2016:16:11:00 +0200] "GET /clawio/data/v1/metrics HTTP/1.1" 200 1330 "" "Go-http-client/1.1"
::1 - - [27/Mar/2016:16:11:05 +0200] "GET /clawio/data/v1/metrics HTTP/1.1" 200 1333 "" "Go-http-client/1.1"
::1 - - [27/Mar/2016:16:11:10 +0200] "GET /clawio/data/v1/metrics HTTP/1.1" 200 1332 "" "Go-http-client/1.1"
::1 - - [27/Mar/2016:16:11:15 +0200] "GET /clawio/data/v1/metrics HTTP/1.1" 200 1329 "" "Go-http-client/1.1"
::1 - - [27/Mar/2016:16:11:20 +0200] "GET /clawio/data/v1/metrics HTTP/1.1" 200 1336 "" "Go-http-client/1.1"
::1 - - [27/Mar/2016:16:11:25 +0200] "GET /clawio/data/v1/metrics HTTP/1.1" 200 1330 "" "Go-http-client/1.1"
